-------------------------------------------------------------------------------
Test set: org.eclipselabs.restlet.registry.junit.tests.TestRestletRegistry
-------------------------------------------------------------------------------
Tests run: 3, Failures: 0, Errors: 0, Skipped: 0, Time elapsed: 1.449 sec
testApplication(org.eclipselabs.restlet.registry.junit.tests.TestRestletRegistry)  Time elapsed: 0.415 sec
getIsWhatWasPut(org.eclipselabs.restlet.registry.junit.tests.TestRestletRegistry)  Time elapsed: 0.513 sec
getIsWhatWasSetAsURIParam(org.eclipselabs.restlet.registry.junit.tests.TestRestletRegistry)  Time elapsed: 0.513 sec
