<?xml version="1.0" encoding="UTF-8" ?>
<testsuite failures="0" time="1.438" errors="0" skipped="0" tests="3" name="org.eclipselabs.restlet.registry.junit.tests.TestRestletRegistry">
  <properties>
[...]
</properties>
  <testcase time="0.41" classname="org.eclipselabs.restlet.registry.junit.tests.TestRestletRegistry" name="testApplication"/>
  <testcase time="0.51" classname="org.eclipselabs.restlet.registry.junit.tests.TestRestletRegistry" name="getIsWhatWasPut"/>
  <testcase time="0.51" classname="org.eclipselabs.restlet.registry.junit.tests.TestRestletRegistry" name="getIsWhatWasSetAsURIParam"/>
</testsuite>